<?xml version="1.0" encoding="UTF-8"?>
<testng-results ignored="0" total="1" passed="0" failed="1" skipped="0">
  <reporter-output>
  </reporter-output>
  <suite started-at="2024-10-03T07:59:12 IST" name="Default suite" finished-at="2024-10-03T08:00:18 IST" duration-ms="65253">
    <groups>
      <group name="cucumber">
        <method signature="AbstractTestNGCucumberTests.runScenario(io.cucumber.testng.PickleWrapper,io.cucumber.testng.FeatureWrapper)[pri:0, instance:com.RunnerArtifact.RunnerTestNG@eadd4fb]" name="runScenario" class="io.cucumber.testng.AbstractTestNGCucumberTests"/>
      </group> <!-- cucumber -->
    </groups>
    <test started-at="2024-10-03T07:59:12 IST" name="Default test" finished-at="2024-10-03T08:00:18 IST" duration-ms="65253">
      <class name="com.RunnerArtifact.RunnerTestNG">
        <test-method is-config="true" signature="setUpClass(org.testng.ITestContext)[pri:0, instance:com.RunnerArtifact.RunnerTestNG@eadd4fb]" started-at="2024-10-03T07:59:12 IST" name="setUpClass" finished-at="2024-10-03T07:59:13 IST" duration-ms="437" status="PASS">
          <params>
            <param index="0">
              <value>
                <![CDATA[org.testng.TestRunner@2776015d]]>
              </value>
            </param>
          </params>
          <reporter-output>
          </reporter-output>
        </test-method> <!-- setUpClass -->
        <test-method signature="runScenario(io.cucumber.testng.PickleWrapper,io.cucumber.testng.FeatureWrapper)[pri:0, instance:com.RunnerArtifact.RunnerTestNG@eadd4fb]" started-at="2024-10-03T07:59:13 IST" name="runScenario" description="Runs Cucumber Scenarios" data-provider="scenarios" finished-at="2024-10-03T08:00:18 IST" duration-ms="64696" status="FAIL">
          <params>
            <param index="0">
              <value>
                <![CDATA["A user must be able to perform in the Cart"]]>
              </value>
            </param>
            <param index="1">
              <value>
                <![CDATA["Optional[Performs all operations in the cart]"]]>
              </value>
            </param>
          </params>
          <exception class="org.openqa.selenium.ElementClickInterceptedException">
            <message>
              <![CDATA[element click intercepted: Element <span class="J16SB_42 cl_fff acttext">...</span> is not clickable at point (399, 544). Other element would receive the click: <li class="cl_pa" id="franchise" data-footer="9">...</li>
  (Session info: chrome=129.0.6668.89)
Build info: version: '4.20.0', revision: '866c76ca80'
System info: os.name: 'Windows 11', os.arch: 'amd64', os.version: '10.0', java.version: '17.0.10'
Driver info: org.openqa.selenium.chrome.ChromeDriver
Command: [21454e07bbc0ddf44f99d2b35d951a17, clickElement {id=f.36540E6D39831EE22936291097950EFE.d.914658FFC47CDD2E3002967943C7C1D6.e.107}]
Capabilities {acceptInsecureCerts: false, browserName: chrome, browserVersion: 129.0.6668.89, chrome: {chromedriverVersion: 129.0.6668.89 (951c0b97221f..., userDataDir: C:\Users\lenovo\AppData\Loc...}, fedcm:accounts: true, goog:chromeOptions: {debuggerAddress: localhost:52226}, networkConnectionEnabled: false, pageLoadStrategy: normal, platformName: windows, proxy: Proxy(), se:cdp: ws://localhost:52226/devtoo..., se:cdpVersion: 129.0.6668.89, setWindowRect: true, strictFileInteractability: false, timeouts: {implicit: 0, pageLoad: 300000, script: 30000}, unhandledPromptBehavior: dismiss and notify, webauthn:extension:credBlob: true, webauthn:extension:largeBlob: true, webauthn:extension:minPinLength: true, webauthn:extension:prf: true, webauthn:virtualAuthenticators: true}
Element: [[ChromeDriver: chrome on windows (21454e07bbc0ddf44f99d2b35d951a17)] -> xpath: //span[contains(text(),'ADD TO CART')]]
Session ID: 21454e07bbc0ddf44f99d2b35d951a17]]>
            </message>
            <full-stacktrace>
              <![CDATA[org.openqa.selenium.ElementClickInterceptedException: element click intercepted: Element <span class="J16SB_42 cl_fff acttext">...</span> is not clickable at point (399, 544). Other element would receive the click: <li class="cl_pa" id="franchise" data-footer="9">...</li>
  (Session info: chrome=129.0.6668.89)
Build info: version: '4.20.0', revision: '866c76ca80'
System info: os.name: 'Windows 11', os.arch: 'amd64', os.version: '10.0', java.version: '17.0.10'
Driver info: org.openqa.selenium.chrome.ChromeDriver
Command: [21454e07bbc0ddf44f99d2b35d951a17, clickElement {id=f.36540E6D39831EE22936291097950EFE.d.914658FFC47CDD2E3002967943C7C1D6.e.107}]
Capabilities {acceptInsecureCerts: false, browserName: chrome, browserVersion: 129.0.6668.89, chrome: {chromedriverVersion: 129.0.6668.89 (951c0b97221f..., userDataDir: C:\Users\lenovo\AppData\Loc...}, fedcm:accounts: true, goog:chromeOptions: {debuggerAddress: localhost:52226}, networkConnectionEnabled: false, pageLoadStrategy: normal, platformName: windows, proxy: Proxy(), se:cdp: ws://localhost:52226/devtoo..., se:cdpVersion: 129.0.6668.89, setWindowRect: true, strictFileInteractability: false, timeouts: {implicit: 0, pageLoad: 300000, script: 30000}, unhandledPromptBehavior: dismiss and notify, webauthn:extension:credBlob: true, webauthn:extension:largeBlob: true, webauthn:extension:minPinLength: true, webauthn:extension:prf: true, webauthn:virtualAuthenticators: true}
Element: [[ChromeDriver: chrome on windows (21454e07bbc0ddf44f99d2b35d951a17)] -> xpath: //span[contains(text(),'ADD TO CART')]]
Session ID: 21454e07bbc0ddf44f99d2b35d951a17
at java.base/jdk.internal.reflect.NativeConstructorAccessorImpl.newInstance0(Native Method)
at java.base/jdk.internal.reflect.NativeConstructorAccessorImpl.newInstance(NativeConstructorAccessorImpl.java:77)
at java.base/jdk.internal.reflect.DelegatingConstructorAccessorImpl.newInstance(DelegatingConstructorAccessorImpl.java:45)
at java.base/java.lang.reflect.Constructor.newInstanceWithCaller(Constructor.java:499)
at java.base/java.lang.reflect.Constructor.newInstance(Constructor.java:480)
at org.openqa.selenium.remote.ErrorCodec.decode(ErrorCodec.java:167)
at org.openqa.selenium.remote.codec.w3c.W3CHttpResponseCodec.decode(W3CHttpResponseCodec.java:138)
at org.openqa.selenium.remote.codec.w3c.W3CHttpResponseCodec.decode(W3CHttpResponseCodec.java:50)
at org.openqa.selenium.remote.HttpCommandExecutor.execute(HttpCommandExecutor.java:190)
at org.openqa.selenium.remote.service.DriverCommandExecutor.invokeExecute(DriverCommandExecutor.java:216)
at org.openqa.selenium.remote.service.DriverCommandExecutor.execute(DriverCommandExecutor.java:174)
at org.openqa.selenium.remote.RemoteWebDriver.execute(RemoteWebDriver.java:518)
at org.openqa.selenium.remote.RemoteWebElement.execute(RemoteWebElement.java:223)
at org.openqa.selenium.remote.RemoteWebElement.click(RemoteWebElement.java:76)
at com.page.ProductPage.addToCart(ProductPage.java:38)
at com.StepsDefinitions.CartSteps.User_clicks_on_add_to_cart_option(CartSteps.java:108)
at ✽.User clicks on Add to Cart Button(file:///C:/Users/lenovo/eclipse-workspace/FirstCryProject/src/test/resource/com/Features/Cart.feature:9)
]]>
            </full-stacktrace>
          </exception> <!-- org.openqa.selenium.ElementClickInterceptedException -->
          <reporter-output>
          </reporter-output>
        </test-method> <!-- runScenario -->
        <test-method is-config="true" signature="tearDownClass()[pri:0, instance:com.RunnerArtifact.RunnerTestNG@eadd4fb]" started-at="2024-10-03T08:00:18 IST" name="tearDownClass" finished-at="2024-10-03T08:00:18 IST" duration-ms="11" status="PASS">
          <reporter-output>
          </reporter-output>
        </test-method> <!-- tearDownClass -->
      </class> <!-- com.RunnerArtifact.RunnerTestNG -->
    </test> <!-- Default test -->
  </suite> <!-- Default suite -->
</testng-results>
